<?xml version="1.0" encoding="UTF-8"?>
<!-- Generated by org.testng.reporters.JUnitReportReporter -->
<testsuite hostname="Sirajudeen-A" failures="0" tests="3" name="com.features.testng.Annotation_TestNG" time="0.013" errors="0" timestamp="2022-09-24T22:46:29 IST" skipped="0">
  <testcase classname="com.features.testng.Annotation_TestNG" name="tShirt" time="0.003"/>
  <system-out/>
  <testcase classname="com.features.testng.Annotation_TestNG" name="summerDress" time="0.004"/>
  <system-out/>
  <testcase classname="com.features.testng.Annotation_TestNG" name="CasualDress" time="0.006"/>
  <system-out/>
</testsuite> <!-- com.features.testng.Annotation_TestNG -->
